[01-Nov-2014 12:15:53 America/Santiago] PHP Deprecated:  Function ereg_replace() is deprecated in /Library/Server/Web/Data/Sites/app/inc/functions.inc.php on line 196
[01-Nov-2014 12:15:53 America/Santiago] PHP Deprecated:  Function ereg_replace() is deprecated in /Library/Server/Web/Data/Sites/app/inc/functions.inc.php on line 196
[01-Nov-2014 12:15:53 America/Santiago] PHP Deprecated:  Function ereg_replace() is deprecated in /Library/Server/Web/Data/Sites/app/inc/functions.inc.php on line 196
[01-Nov-2014 12:15:53 America/Santiago] PHP Deprecated:  Function ereg_replace() is deprecated in /Library/Server/Web/Data/Sites/app/inc/functions.inc.php on line 196
[01-Nov-2014 12:15:53 America/Santiago] PHP Deprecated:  Function ereg_replace() is deprecated in /Library/Server/Web/Data/Sites/app/inc/functions.inc.php on line 196
[01-Nov-2014 12:15:53 America/Santiago] PHP Deprecated:  Function ereg_replace() is deprecated in /Library/Server/Web/Data/Sites/app/inc/functions.inc.php on line 196
[01-Nov-2014 12:15:54 America/Santiago] PHP Warning:  simplexml_load_string(): Entity: line 4: parser error : Premature end of data in tag meta line 4 in /Library/Server/Web/Data/Sites/app/inicio_noticias.php on line 27
[01-Nov-2014 12:15:54 America/Santiago] PHP Warning:  simplexml_load_string(): p-equiv="refresh" content="0;URL=http://www.kelluwen.cl/site-under-maintenance"> in /Library/Server/Web/Data/Sites/app/inicio_noticias.php on line 27
[01-Nov-2014 12:15:54 America/Santiago] PHP Warning:  simplexml_load_string():                                                                                ^ in /Library/Server/Web/Data/Sites/app/inicio_noticias.php on line 27
[01-Nov-2014 12:15:54 America/Santiago] PHP Warning:  simplexml_load_string(): Entity: line 4: parser error : Premature end of data in tag meta line 1 in /Library/Server/Web/Data/Sites/app/inicio_noticias.php on line 27
[01-Nov-2014 12:15:54 America/Santiago] PHP Warning:  simplexml_load_string(): p-equiv="refresh" content="0;URL=http://www.kelluwen.cl/site-under-maintenance"> in /Library/Server/Web/Data/Sites/app/inicio_noticias.php on line 27
[01-Nov-2014 12:15:54 America/Santiago] PHP Warning:  simplexml_load_string():                                                                                ^ in /Library/Server/Web/Data/Sites/app/inicio_noticias.php on line 27
[01-Nov-2014 12:15:54 America/Santiago] PHP Warning:  Invalid argument supplied for foreach() in /Library/Server/Web/Data/Sites/app/inicio_noticias.php on line 30
[01-Nov-2014 12:15:57 America/Santiago] PHP Deprecated:  Function ereg_replace() is deprecated in /Library/Server/Web/Data/Sites/app/inc/functions.inc.php on line 196
[01-Nov-2014 12:15:57 America/Santiago] PHP Deprecated:  Function ereg_replace() is deprecated in /Library/Server/Web/Data/Sites/app/inc/functions.inc.php on line 196
[01-Nov-2014 12:15:57 America/Santiago] PHP Deprecated:  Function ereg_replace() is deprecated in /Library/Server/Web/Data/Sites/app/inc/functions.inc.php on line 196
[01-Nov-2014 12:15:57 America/Santiago] PHP Deprecated:  Function ereg_replace() is deprecated in /Library/Server/Web/Data/Sites/app/inc/functions.inc.php on line 196
[01-Nov-2014 12:15:57 America/Santiago] PHP Deprecated:  Function ereg_replace() is deprecated in /Library/Server/Web/Data/Sites/app/inc/functions.inc.php on line 196
[01-Nov-2014 12:15:57 America/Santiago] PHP Deprecated:  Function ereg_replace() is deprecated in /Library/Server/Web/Data/Sites/app/inc/functions.inc.php on line 196
[01-Nov-2014 12:26:18 America/Santiago] PHP Deprecated:  Function ereg_replace() is deprecated in /Library/Server/Web/Data/Sites/app/inc/functions.inc.php on line 196
[01-Nov-2014 12:26:18 America/Santiago] PHP Deprecated:  Function ereg_replace() is deprecated in /Library/Server/Web/Data/Sites/app/inc/functions.inc.php on line 196
[01-Nov-2014 12:26:18 America/Santiago] PHP Deprecated:  Function ereg_replace() is deprecated in /Library/Server/Web/Data/Sites/app/inc/functions.inc.php on line 196
[01-Nov-2014 12:26:18 America/Santiago] PHP Deprecated:  Function ereg_replace() is deprecated in /Library/Server/Web/Data/Sites/app/inc/functions.inc.php on line 196
[01-Nov-2014 12:26:18 America/Santiago] PHP Deprecated:  Function ereg_replace() is deprecated in /Library/Server/Web/Data/Sites/app/inc/functions.inc.php on line 196
[01-Nov-2014 12:26:18 America/Santiago] PHP Deprecated:  Function ereg_replace() is deprecated in /Library/Server/Web/Data/Sites/app/inc/functions.inc.php on line 196
[01-Nov-2014 12:26:18 America/Santiago] PHP Warning:  simplexml_load_string(): Entity: line 4: parser error : Premature end of data in tag meta line 4 in /Library/Server/Web/Data/Sites/app/inicio_noticias.php on line 27
[01-Nov-2014 12:26:18 America/Santiago] PHP Warning:  simplexml_load_string(): p-equiv="refresh" content="0;URL=http://www.kelluwen.cl/site-under-maintenance"> in /Library/Server/Web/Data/Sites/app/inicio_noticias.php on line 27
[01-Nov-2014 12:26:18 America/Santiago] PHP Warning:  simplexml_load_string():                                                                                ^ in /Library/Server/Web/Data/Sites/app/inicio_noticias.php on line 27
[01-Nov-2014 12:26:18 America/Santiago] PHP Warning:  simplexml_load_string(): Entity: line 4: parser error : Premature end of data in tag meta line 1 in /Library/Server/Web/Data/Sites/app/inicio_noticias.php on line 27
[01-Nov-2014 12:26:18 America/Santiago] PHP Warning:  simplexml_load_string(): p-equiv="refresh" content="0;URL=http://www.kelluwen.cl/site-under-maintenance"> in /Library/Server/Web/Data/Sites/app/inicio_noticias.php on line 27
[01-Nov-2014 12:26:18 America/Santiago] PHP Warning:  simplexml_load_string():                                                                                ^ in /Library/Server/Web/Data/Sites/app/inicio_noticias.php on line 27
[01-Nov-2014 12:26:18 America/Santiago] PHP Warning:  Invalid argument supplied for foreach() in /Library/Server/Web/Data/Sites/app/inicio_noticias.php on line 30
[01-Nov-2014 12:27:29 America/Santiago] PHP Deprecated:  Function split() is deprecated in /Library/Server/Web/Data/Sites/app/contenido_perfil_usuario_modal.php on line 27
[01-Nov-2014 12:27:29 America/Santiago] PHP Deprecated:  Function ereg_replace() is deprecated in /Library/Server/Web/Data/Sites/app/inc/functions.inc.php on line 196
[01-Nov-2014 12:27:29 America/Santiago] PHP Deprecated:  Function ereg_replace() is deprecated in /Library/Server/Web/Data/Sites/app/inc/functions.inc.php on line 196
[01-Nov-2014 12:27:29 America/Santiago] PHP Deprecated:  Function ereg_replace() is deprecated in /Library/Server/Web/Data/Sites/app/inc/functions.inc.php on line 196
[01-Nov-2014 12:27:29 America/Santiago] PHP Deprecated:  Function ereg_replace() is deprecated in /Library/Server/Web/Data/Sites/app/inc/functions.inc.php on line 196
[01-Nov-2014 12:27:29 America/Santiago] PHP Deprecated:  Function ereg_replace() is deprecated in /Library/Server/Web/Data/Sites/app/inc/functions.inc.php on line 196
[01-Nov-2014 12:27:29 America/Santiago] PHP Deprecated:  Function ereg_replace() is deprecated in /Library/Server/Web/Data/Sites/app/inc/functions.inc.php on line 196
[01-Nov-2014 12:27:29 America/Santiago] PHP Deprecated:  Function ereg_replace() is deprecated in /Library/Server/Web/Data/Sites/app/inc/functions.inc.php on line 196
[01-Nov-2014 12:27:29 America/Santiago] PHP Deprecated:  Function ereg_replace() is deprecated in /Library/Server/Web/Data/Sites/app/inc/functions.inc.php on line 196
[01-Nov-2014 12:27:29 America/Santiago] PHP Deprecated:  Function ereg_replace() is deprecated in /Library/Server/Web/Data/Sites/app/inc/functions.inc.php on line 196
[01-Nov-2014 12:27:29 America/Santiago] PHP Deprecated:  Function ereg_replace() is deprecated in /Library/Server/Web/Data/Sites/app/inc/functions.inc.php on line 196
[01-Nov-2014 12:27:29 America/Santiago] PHP Deprecated:  Function ereg_replace() is deprecated in /Library/Server/Web/Data/Sites/app/inc/functions.inc.php on line 196
[01-Nov-2014 12:27:29 America/Santiago] PHP Deprecated:  Function ereg_replace() is deprecated in /Library/Server/Web/Data/Sites/app/inc/functions.inc.php on line 196
[01-Nov-2014 12:27:29 America/Santiago] PHP Deprecated:  Function ereg_replace() is deprecated in /Library/Server/Web/Data/Sites/app/inc/functions.inc.php on line 196
[01-Nov-2014 12:27:29 America/Santiago] PHP Deprecated:  Function ereg_replace() is deprecated in /Library/Server/Web/Data/Sites/app/inc/functions.inc.php on line 196
[01-Nov-2014 12:27:29 America/Santiago] PHP Deprecated:  Function ereg_replace() is deprecated in /Library/Server/Web/Data/Sites/app/inc/functions.inc.php on line 196
[01-Nov-2014 12:27:29 America/Santiago] PHP Deprecated:  Function ereg_replace() is deprecated in /Library/Server/Web/Data/Sites/app/inc/functions.inc.php on line 196
[01-Nov-2014 12:27:29 America/Santiago] PHP Deprecated:  Function ereg_replace() is deprecated in /Library/Server/Web/Data/Sites/app/inc/functions.inc.php on line 196
[01-Nov-2014 12:27:29 America/Santiago] PHP Deprecated:  Function ereg_replace() is deprecated in /Library/Server/Web/Data/Sites/app/inc/functions.inc.php on line 196
[01-Nov-2014 12:27:29 America/Santiago] PHP Deprecated:  Function ereg_replace() is deprecated in /Library/Server/Web/Data/Sites/app/inc/functions.inc.php on line 196
[01-Nov-2014 12:27:29 America/Santiago] PHP Deprecated:  Function ereg_replace() is deprecated in /Library/Server/Web/Data/Sites/app/inc/functions.inc.php on line 196
[01-Nov-2014 12:27:29 America/Santiago] PHP Deprecated:  Function ereg_replace() is deprecated in /Library/Server/Web/Data/Sites/app/inc/functions.inc.php on line 196
[01-Nov-2014 12:27:29 America/Santiago] PHP Deprecated:  Function ereg_replace() is deprecated in /Library/Server/Web/Data/Sites/app/inc/functions.inc.php on line 196
[01-Nov-2014 12:27:29 America/Santiago] PHP Deprecated:  Function ereg_replace() is deprecated in /Library/Server/Web/Data/Sites/app/inc/functions.inc.php on line 196
[01-Nov-2014 12:27:29 America/Santiago] PHP Deprecated:  Function ereg_replace() is deprecated in /Library/Server/Web/Data/Sites/app/inc/functions.inc.php on line 196
[01-Nov-2014 12:27:29 America/Santiago] PHP Deprecated:  Function ereg_replace() is deprecated in /Library/Server/Web/Data/Sites/app/inc/functions.inc.php on line 196
[01-Nov-2014 12:27:29 America/Santiago] PHP Deprecated:  Function ereg_replace() is deprecated in /Library/Server/Web/Data/Sites/app/inc/functions.inc.php on line 196
[01-Nov-2014 12:27:29 America/Santiago] PHP Deprecated:  Function ereg_replace() is deprecated in /Library/Server/Web/Data/Sites/app/inc/functions.inc.php on line 196
[01-Nov-2014 12:27:29 America/Santiago] PHP Deprecated:  Function ereg_replace() is deprecated in /Library/Server/Web/Data/Sites/app/inc/functions.inc.php on line 196
[01-Nov-2014 12:27:29 America/Santiago] PHP Deprecated:  Function ereg_replace() is deprecated in /Library/Server/Web/Data/Sites/app/inc/functions.inc.php on line 196
[01-Nov-2014 12:27:29 America/Santiago] PHP Deprecated:  Function ereg_replace() is deprecated in /Library/Server/Web/Data/Sites/app/inc/functions.inc.php on line 196
[01-Nov-2014 12:27:29 America/Santiago] PHP Deprecated:  Function ereg_replace() is deprecated in /Library/Server/Web/Data/Sites/app/inc/functions.inc.php on line 196
[01-Nov-2014 12:29:17 America/Santiago] PHP Warning:  simplexml_load_string(): Entity: line 4: parser error : Premature end of data in tag meta line 4 in /Library/Server/Web/Data/Sites/app/inicio_noticias.php on line 27
[01-Nov-2014 12:29:17 America/Santiago] PHP Warning:  simplexml_load_string(): p-equiv="refresh" content="0;URL=http://www.kelluwen.cl/site-under-maintenance"> in /Library/Server/Web/Data/Sites/app/inicio_noticias.php on line 27
[01-Nov-2014 12:29:17 America/Santiago] PHP Warning:  simplexml_load_string():                                                                                ^ in /Library/Server/Web/Data/Sites/app/inicio_noticias.php on line 27
[01-Nov-2014 12:29:17 America/Santiago] PHP Warning:  simplexml_load_string(): Entity: line 4: parser error : Premature end of data in tag meta line 1 in /Library/Server/Web/Data/Sites/app/inicio_noticias.php on line 27
[01-Nov-2014 12:29:17 America/Santiago] PHP Warning:  simplexml_load_string(): p-equiv="refresh" content="0;URL=http://www.kelluwen.cl/site-under-maintenance"> in /Library/Server/Web/Data/Sites/app/inicio_noticias.php on line 27
[01-Nov-2014 12:29:17 America/Santiago] PHP Warning:  simplexml_load_string():                                                                                ^ in /Library/Server/Web/Data/Sites/app/inicio_noticias.php on line 27
[01-Nov-2014 12:29:17 America/Santiago] PHP Warning:  Invalid argument supplied for foreach() in /Library/Server/Web/Data/Sites/app/inicio_noticias.php on line 30
[01-Nov-2014 12:29:17 America/Santiago] PHP Deprecated:  Function ereg_replace() is deprecated in /Library/Server/Web/Data/Sites/app/inc/functions.inc.php on line 196
[01-Nov-2014 12:29:17 America/Santiago] PHP Deprecated:  Function ereg_replace() is deprecated in /Library/Server/Web/Data/Sites/app/inc/functions.inc.php on line 196
[01-Nov-2014 12:29:17 America/Santiago] PHP Deprecated:  Function ereg_replace() is deprecated in /Library/Server/Web/Data/Sites/app/inc/functions.inc.php on line 196
[01-Nov-2014 12:29:17 America/Santiago] PHP Deprecated:  Function ereg_replace() is deprecated in /Library/Server/Web/Data/Sites/app/inc/functions.inc.php on line 196
[01-Nov-2014 12:29:17 America/Santiago] PHP Deprecated:  Function ereg_replace() is deprecated in /Library/Server/Web/Data/Sites/app/inc/functions.inc.php on line 196
[01-Nov-2014 12:29:17 America/Santiago] PHP Deprecated:  Function ereg_replace() is deprecated in /Library/Server/Web/Data/Sites/app/inc/functions.inc.php on line 196
[01-Nov-2014 12:35:12 America/Santiago] PHP Deprecated:  Function ereg_replace() is deprecated in /Library/Server/Web/Data/Sites/app/inc/functions.inc.php on line 196
[01-Nov-2014 12:35:12 America/Santiago] PHP Deprecated:  Function ereg_replace() is deprecated in /Library/Server/Web/Data/Sites/app/inc/functions.inc.php on line 196
[01-Nov-2014 12:35:12 America/Santiago] PHP Deprecated:  Function ereg_replace() is deprecated in /Library/Server/Web/Data/Sites/app/inc/functions.inc.php on line 196
[01-Nov-2014 12:35:12 America/Santiago] PHP Deprecated:  Function ereg_replace() is deprecated in /Library/Server/Web/Data/Sites/app/inc/functions.inc.php on line 196
[01-Nov-2014 12:35:12 America/Santiago] PHP Deprecated:  Function ereg_replace() is deprecated in /Library/Server/Web/Data/Sites/app/inc/functions.inc.php on line 196
[01-Nov-2014 12:35:12 America/Santiago] PHP Deprecated:  Function ereg_replace() is deprecated in /Library/Server/Web/Data/Sites/app/inc/functions.inc.php on line 196
[01-Nov-2014 12:35:12 America/Santiago] PHP Warning:  simplexml_load_string(): Entity: line 4: parser error : Premature end of data in tag meta line 4 in /Library/Server/Web/Data/Sites/app/inicio_noticias.php on line 27
[01-Nov-2014 12:35:12 America/Santiago] PHP Warning:  simplexml_load_string(): p-equiv="refresh" content="0;URL=http://www.kelluwen.cl/site-under-maintenance"> in /Library/Server/Web/Data/Sites/app/inicio_noticias.php on line 27
[01-Nov-2014 12:35:12 America/Santiago] PHP Warning:  simplexml_load_string():                                                                                ^ in /Library/Server/Web/Data/Sites/app/inicio_noticias.php on line 27
[01-Nov-2014 12:35:12 America/Santiago] PHP Warning:  simplexml_load_string(): Entity: line 4: parser error : Premature end of data in tag meta line 1 in /Library/Server/Web/Data/Sites/app/inicio_noticias.php on line 27
[01-Nov-2014 12:35:12 America/Santiago] PHP Warning:  simplexml_load_string(): p-equiv="refresh" content="0;URL=http://www.kelluwen.cl/site-under-maintenance"> in /Library/Server/Web/Data/Sites/app/inicio_noticias.php on line 27
[01-Nov-2014 12:35:12 America/Santiago] PHP Warning:  simplexml_load_string():                                                                                ^ in /Library/Server/Web/Data/Sites/app/inicio_noticias.php on line 27
[01-Nov-2014 12:35:12 America/Santiago] PHP Warning:  Invalid argument supplied for foreach() in /Library/Server/Web/Data/Sites/app/inicio_noticias.php on line 30
[01-Nov-2014 12:49:45 America/Santiago] PHP Deprecated:  Function ereg_replace() is deprecated in /Library/Server/Web/Data/Sites/app/inc/functions.inc.php on line 196
[01-Nov-2014 12:49:45 America/Santiago] PHP Deprecated:  Function ereg_replace() is deprecated in /Library/Server/Web/Data/Sites/app/inc/functions.inc.php on line 196
[01-Nov-2014 12:49:45 America/Santiago] PHP Deprecated:  Function ereg_replace() is deprecated in /Library/Server/Web/Data/Sites/app/inc/functions.inc.php on line 196
[01-Nov-2014 12:49:45 America/Santiago] PHP Deprecated:  Function ereg_replace() is deprecated in /Library/Server/Web/Data/Sites/app/inc/functions.inc.php on line 196
[01-Nov-2014 12:49:45 America/Santiago] PHP Deprecated:  Function ereg_replace() is deprecated in /Library/Server/Web/Data/Sites/app/inc/functions.inc.php on line 196
[01-Nov-2014 12:49:45 America/Santiago] PHP Deprecated:  Function ereg_replace() is deprecated in /Library/Server/Web/Data/Sites/app/inc/functions.inc.php on line 196
[01-Nov-2014 12:49:45 America/Santiago] PHP Warning:  simplexml_load_string(): Entity: line 4: parser error : Premature end of data in tag meta line 4 in /Library/Server/Web/Data/Sites/app/inicio_noticias.php on line 27
[01-Nov-2014 12:49:45 America/Santiago] PHP Warning:  simplexml_load_string(): p-equiv="refresh" content="0;URL=http://www.kelluwen.cl/site-under-maintenance"> in /Library/Server/Web/Data/Sites/app/inicio_noticias.php on line 27
[01-Nov-2014 12:49:45 America/Santiago] PHP Warning:  simplexml_load_string():                                                                                ^ in /Library/Server/Web/Data/Sites/app/inicio_noticias.php on line 27
[01-Nov-2014 12:49:45 America/Santiago] PHP Warning:  simplexml_load_string(): Entity: line 4: parser error : Premature end of data in tag meta line 1 in /Library/Server/Web/Data/Sites/app/inicio_noticias.php on line 27
[01-Nov-2014 12:49:45 America/Santiago] PHP Warning:  simplexml_load_string(): p-equiv="refresh" content="0;URL=http://www.kelluwen.cl/site-under-maintenance"> in /Library/Server/Web/Data/Sites/app/inicio_noticias.php on line 27
[01-Nov-2014 12:49:45 America/Santiago] PHP Warning:  simplexml_load_string():                                                                                ^ in /Library/Server/Web/Data/Sites/app/inicio_noticias.php on line 27
[01-Nov-2014 12:49:45 America/Santiago] PHP Warning:  Invalid argument supplied for foreach() in /Library/Server/Web/Data/Sites/app/inicio_noticias.php on line 30
[01-Nov-2014 13:01:34 America/Santiago] PHP Deprecated:  Function ereg_replace() is deprecated in /Library/Server/Web/Data/Sites/app/inc/functions.inc.php on line 196
[01-Nov-2014 13:01:34 America/Santiago] PHP Deprecated:  Function ereg_replace() is deprecated in /Library/Server/Web/Data/Sites/app/inc/functions.inc.php on line 196
[01-Nov-2014 13:01:34 America/Santiago] PHP Deprecated:  Function ereg_replace() is deprecated in /Library/Server/Web/Data/Sites/app/inc/functions.inc.php on line 196
[01-Nov-2014 13:01:34 America/Santiago] PHP Deprecated:  Function ereg_replace() is deprecated in /Library/Server/Web/Data/Sites/app/inc/functions.inc.php on line 196
[01-Nov-2014 13:01:34 America/Santiago] PHP Deprecated:  Function ereg_replace() is deprecated in /Library/Server/Web/Data/Sites/app/inc/functions.inc.php on line 196
[01-Nov-2014 13:01:34 America/Santiago] PHP Deprecated:  Function ereg_replace() is deprecated in /Library/Server/Web/Data/Sites/app/inc/functions.inc.php on line 196
[01-Nov-2014 13:01:34 America/Santiago] PHP Warning:  simplexml_load_string(): Entity: line 4: parser error : Premature end of data in tag meta line 4 in /Library/Server/Web/Data/Sites/app/inicio_noticias.php on line 27
[01-Nov-2014 13:01:34 America/Santiago] PHP Warning:  simplexml_load_string(): p-equiv="refresh" content="0;URL=http://www.kelluwen.cl/site-under-maintenance"> in /Library/Server/Web/Data/Sites/app/inicio_noticias.php on line 27
[01-Nov-2014 13:01:34 America/Santiago] PHP Warning:  simplexml_load_string():                                                                                ^ in /Library/Server/Web/Data/Sites/app/inicio_noticias.php on line 27
[01-Nov-2014 13:01:34 America/Santiago] PHP Warning:  simplexml_load_string(): Entity: line 4: parser error : Premature end of data in tag meta line 1 in /Library/Server/Web/Data/Sites/app/inicio_noticias.php on line 27
[01-Nov-2014 13:01:34 America/Santiago] PHP Warning:  simplexml_load_string(): p-equiv="refresh" content="0;URL=http://www.kelluwen.cl/site-under-maintenance"> in /Library/Server/Web/Data/Sites/app/inicio_noticias.php on line 27
[01-Nov-2014 13:01:34 America/Santiago] PHP Warning:  simplexml_load_string():                                                                                ^ in /Library/Server/Web/Data/Sites/app/inicio_noticias.php on line 27
[01-Nov-2014 13:01:34 America/Santiago] PHP Warning:  Invalid argument supplied for foreach() in /Library/Server/Web/Data/Sites/app/inicio_noticias.php on line 30
[01-Nov-2014 13:01:46 America/Santiago] PHP Deprecated:  Function ereg_replace() is deprecated in /Library/Server/Web/Data/Sites/app/inc/functions.inc.php on line 196
[01-Nov-2014 13:01:46 America/Santiago] PHP Deprecated:  Function ereg_replace() is deprecated in /Library/Server/Web/Data/Sites/app/inc/functions.inc.php on line 196
[01-Nov-2014 13:01:46 America/Santiago] PHP Deprecated:  Function ereg_replace() is deprecated in /Library/Server/Web/Data/Sites/app/inc/functions.inc.php on line 196
[01-Nov-2014 13:01:46 America/Santiago] PHP Deprecated:  Function ereg_replace() is deprecated in /Library/Server/Web/Data/Sites/app/inc/functions.inc.php on line 196
[01-Nov-2014 13:01:46 America/Santiago] PHP Deprecated:  Function ereg_replace() is deprecated in /Library/Server/Web/Data/Sites/app/inc/functions.inc.php on line 196
[01-Nov-2014 13:01:46 America/Santiago] PHP Deprecated:  Function ereg_replace() is deprecated in /Library/Server/Web/Data/Sites/app/inc/functions.inc.php on line 196
[01-Nov-2014 13:01:46 America/Santiago] PHP Warning:  simplexml_load_string(): Entity: line 4: parser error : Premature end of data in tag meta line 4 in /Library/Server/Web/Data/Sites/app/inicio_noticias.php on line 27
[01-Nov-2014 13:01:46 America/Santiago] PHP Warning:  simplexml_load_string(): p-equiv="refresh" content="0;URL=http://www.kelluwen.cl/site-under-maintenance"> in /Library/Server/Web/Data/Sites/app/inicio_noticias.php on line 27
[01-Nov-2014 13:01:46 America/Santiago] PHP Warning:  simplexml_load_string():                                                                                ^ in /Library/Server/Web/Data/Sites/app/inicio_noticias.php on line 27
[01-Nov-2014 13:01:46 America/Santiago] PHP Warning:  simplexml_load_string(): Entity: line 4: parser error : Premature end of data in tag meta line 1 in /Library/Server/Web/Data/Sites/app/inicio_noticias.php on line 27
[01-Nov-2014 13:01:46 America/Santiago] PHP Warning:  simplexml_load_string(): p-equiv="refresh" content="0;URL=http://www.kelluwen.cl/site-under-maintenance"> in /Library/Server/Web/Data/Sites/app/inicio_noticias.php on line 27
[01-Nov-2014 13:01:46 America/Santiago] PHP Warning:  simplexml_load_string():                                                                                ^ in /Library/Server/Web/Data/Sites/app/inicio_noticias.php on line 27
[01-Nov-2014 13:01:46 America/Santiago] PHP Warning:  Invalid argument supplied for foreach() in /Library/Server/Web/Data/Sites/app/inicio_noticias.php on line 30
[01-Nov-2014 13:02:11 America/Santiago] PHP Deprecated:  Function split() is deprecated in /Library/Server/Web/Data/Sites/app/contenido_perfil_usuario_modal.php on line 27
[01-Nov-2014 13:02:11 America/Santiago] PHP Deprecated:  Function ereg_replace() is deprecated in /Library/Server/Web/Data/Sites/app/inc/functions.inc.php on line 196
[01-Nov-2014 13:02:11 America/Santiago] PHP Deprecated:  Function ereg_replace() is deprecated in /Library/Server/Web/Data/Sites/app/inc/functions.inc.php on line 196
[01-Nov-2014 13:02:11 America/Santiago] PHP Deprecated:  Function ereg_replace() is deprecated in /Library/Server/Web/Data/Sites/app/inc/functions.inc.php on line 196
[01-Nov-2014 13:02:11 America/Santiago] PHP Deprecated:  Function ereg_replace() is deprecated in /Library/Server/Web/Data/Sites/app/inc/functions.inc.php on line 196
[01-Nov-2014 13:02:11 America/Santiago] PHP Deprecated:  Function ereg_replace() is deprecated in /Library/Server/Web/Data/Sites/app/inc/functions.inc.php on line 196
[01-Nov-2014 13:02:11 America/Santiago] PHP Deprecated:  Function ereg_replace() is deprecated in /Library/Server/Web/Data/Sites/app/inc/functions.inc.php on line 196
[01-Nov-2014 13:02:11 America/Santiago] PHP Deprecated:  Function ereg_replace() is deprecated in /Library/Server/Web/Data/Sites/app/inc/functions.inc.php on line 196
[01-Nov-2014 13:02:11 America/Santiago] PHP Deprecated:  Function ereg_replace() is deprecated in /Library/Server/Web/Data/Sites/app/inc/functions.inc.php on line 196
[01-Nov-2014 13:02:11 America/Santiago] PHP Deprecated:  Function ereg_replace() is deprecated in /Library/Server/Web/Data/Sites/app/inc/functions.inc.php on line 196
[01-Nov-2014 13:02:11 America/Santiago] PHP Deprecated:  Function ereg_replace() is deprecated in /Library/Server/Web/Data/Sites/app/inc/functions.inc.php on line 196
[01-Nov-2014 13:02:11 America/Santiago] PHP Deprecated:  Function ereg_replace() is deprecated in /Library/Server/Web/Data/Sites/app/inc/functions.inc.php on line 196
[01-Nov-2014 13:02:11 America/Santiago] PHP Deprecated:  Function ereg_replace() is deprecated in /Library/Server/Web/Data/Sites/app/inc/functions.inc.php on line 196
[01-Nov-2014 13:02:11 America/Santiago] PHP Deprecated:  Function ereg_replace() is deprecated in /Library/Server/Web/Data/Sites/app/inc/functions.inc.php on line 196
[01-Nov-2014 13:02:11 America/Santiago] PHP Deprecated:  Function ereg_replace() is deprecated in /Library/Server/Web/Data/Sites/app/inc/functions.inc.php on line 196
[01-Nov-2014 13:02:11 America/Santiago] PHP Deprecated:  Function ereg_replace() is deprecated in /Library/Server/Web/Data/Sites/app/inc/functions.inc.php on line 196
[01-Nov-2014 13:02:11 America/Santiago] PHP Deprecated:  Function ereg_replace() is deprecated in /Library/Server/Web/Data/Sites/app/inc/functions.inc.php on line 196
[01-Nov-2014 13:02:11 America/Santiago] PHP Deprecated:  Function ereg_replace() is deprecated in /Library/Server/Web/Data/Sites/app/inc/functions.inc.php on line 196
[01-Nov-2014 13:02:11 America/Santiago] PHP Deprecated:  Function ereg_replace() is deprecated in /Library/Server/Web/Data/Sites/app/inc/functions.inc.php on line 196
[01-Nov-2014 13:02:11 America/Santiago] PHP Deprecated:  Function ereg_replace() is deprecated in /Library/Server/Web/Data/Sites/app/inc/functions.inc.php on line 196
[01-Nov-2014 13:02:11 America/Santiago] PHP Deprecated:  Function ereg_replace() is deprecated in /Library/Server/Web/Data/Sites/app/inc/functions.inc.php on line 196
[01-Nov-2014 13:02:11 America/Santiago] PHP Deprecated:  Function ereg_replace() is deprecated in /Library/Server/Web/Data/Sites/app/inc/functions.inc.php on line 196
[01-Nov-2014 13:02:11 America/Santiago] PHP Deprecated:  Function ereg_replace() is deprecated in /Library/Server/Web/Data/Sites/app/inc/functions.inc.php on line 196
[01-Nov-2014 13:02:11 America/Santiago] PHP Deprecated:  Function ereg_replace() is deprecated in /Library/Server/Web/Data/Sites/app/inc/functions.inc.php on line 196
[01-Nov-2014 13:02:11 America/Santiago] PHP Deprecated:  Function ereg_replace() is deprecated in /Library/Server/Web/Data/Sites/app/inc/functions.inc.php on line 196
[01-Nov-2014 13:02:11 America/Santiago] PHP Deprecated:  Function ereg_replace() is deprecated in /Library/Server/Web/Data/Sites/app/inc/functions.inc.php on line 196
[01-Nov-2014 13:02:11 America/Santiago] PHP Deprecated:  Function ereg_replace() is deprecated in /Library/Server/Web/Data/Sites/app/inc/functions.inc.php on line 196
[01-Nov-2014 13:02:11 America/Santiago] PHP Deprecated:  Function ereg_replace() is deprecated in /Library/Server/Web/Data/Sites/app/inc/functions.inc.php on line 196
[01-Nov-2014 13:04:04 America/Santiago] PHP Warning:  simplexml_load_string(): Entity: line 4: parser error : Premature end of data in tag meta line 4 in /Library/Server/Web/Data/Sites/app/inicio_noticias.php on line 27
[01-Nov-2014 13:04:04 America/Santiago] PHP Warning:  simplexml_load_string(): p-equiv="refresh" content="0;URL=http://www.kelluwen.cl/site-under-maintenance"> in /Library/Server/Web/Data/Sites/app/inicio_noticias.php on line 27
[01-Nov-2014 13:04:04 America/Santiago] PHP Warning:  simplexml_load_string():                                                                                ^ in /Library/Server/Web/Data/Sites/app/inicio_noticias.php on line 27
[01-Nov-2014 13:04:04 America/Santiago] PHP Warning:  simplexml_load_string(): Entity: line 4: parser error : Premature end of data in tag meta line 1 in /Library/Server/Web/Data/Sites/app/inicio_noticias.php on line 27
[01-Nov-2014 13:04:04 America/Santiago] PHP Warning:  simplexml_load_string(): p-equiv="refresh" content="0;URL=http://www.kelluwen.cl/site-under-maintenance"> in /Library/Server/Web/Data/Sites/app/inicio_noticias.php on line 27
[01-Nov-2014 13:04:04 America/Santiago] PHP Warning:  simplexml_load_string():                                                                                ^ in /Library/Server/Web/Data/Sites/app/inicio_noticias.php on line 27
[01-Nov-2014 13:04:04 America/Santiago] PHP Warning:  Invalid argument supplied for foreach() in /Library/Server/Web/Data/Sites/app/inicio_noticias.php on line 30
[01-Nov-2014 13:04:04 America/Santiago] PHP Deprecated:  Function ereg_replace() is deprecated in /Library/Server/Web/Data/Sites/app/inc/functions.inc.php on line 196
[01-Nov-2014 13:04:04 America/Santiago] PHP Deprecated:  Function ereg_replace() is deprecated in /Library/Server/Web/Data/Sites/app/inc/functions.inc.php on line 196
[01-Nov-2014 13:04:04 America/Santiago] PHP Deprecated:  Function ereg_replace() is deprecated in /Library/Server/Web/Data/Sites/app/inc/functions.inc.php on line 196
[01-Nov-2014 13:04:04 America/Santiago] PHP Deprecated:  Function ereg_replace() is deprecated in /Library/Server/Web/Data/Sites/app/inc/functions.inc.php on line 196
[01-Nov-2014 13:04:04 America/Santiago] PHP Deprecated:  Function ereg_replace() is deprecated in /Library/Server/Web/Data/Sites/app/inc/functions.inc.php on line 196
[01-Nov-2014 13:04:04 America/Santiago] PHP Deprecated:  Function ereg_replace() is deprecated in /Library/Server/Web/Data/Sites/app/inc/functions.inc.php on line 196
[01-Nov-2014 13:04:43 America/Santiago] PHP Deprecated:  Function split() is deprecated in /Library/Server/Web/Data/Sites/app/contenido_perfil_usuario_modal.php on line 27
[01-Nov-2014 13:04:43 America/Santiago] PHP Deprecated:  Function ereg_replace() is deprecated in /Library/Server/Web/Data/Sites/app/inc/functions.inc.php on line 196
[01-Nov-2014 13:04:43 America/Santiago] PHP Deprecated:  Function ereg_replace() is deprecated in /Library/Server/Web/Data/Sites/app/inc/functions.inc.php on line 196
[01-Nov-2014 13:04:43 America/Santiago] PHP Deprecated:  Function ereg_replace() is deprecated in /Library/Server/Web/Data/Sites/app/inc/functions.inc.php on line 196
[01-Nov-2014 13:04:43 America/Santiago] PHP Deprecated:  Function ereg_replace() is deprecated in /Library/Server/Web/Data/Sites/app/inc/functions.inc.php on line 196
[01-Nov-2014 13:04:48 America/Santiago] PHP Deprecated:  Function split() is deprecated in /Library/Server/Web/Data/Sites/app/contenido_perfil_usuario_modal.php on line 27
[01-Nov-2014 13:04:48 America/Santiago] PHP Deprecated:  Function ereg_replace() is deprecated in /Library/Server/Web/Data/Sites/app/inc/functions.inc.php on line 196
[01-Nov-2014 13:04:48 America/Santiago] PHP Deprecated:  Function ereg_replace() is deprecated in /Library/Server/Web/Data/Sites/app/inc/functions.inc.php on line 196
[01-Nov-2014 13:04:48 America/Santiago] PHP Deprecated:  Function ereg_replace() is deprecated in /Library/Server/Web/Data/Sites/app/inc/functions.inc.php on line 196
[01-Nov-2014 13:04:48 America/Santiago] PHP Deprecated:  Function ereg_replace() is deprecated in /Library/Server/Web/Data/Sites/app/inc/functions.inc.php on line 196
[01-Nov-2014 13:05:18 America/Santiago] PHP Deprecated:  Function ereg_replace() is deprecated in /Library/Server/Web/Data/Sites/app/inc/functions.inc.php on line 196
[01-Nov-2014 13:05:18 America/Santiago] PHP Deprecated:  Function ereg_replace() is deprecated in /Library/Server/Web/Data/Sites/app/inc/functions.inc.php on line 196
[01-Nov-2014 13:05:18 America/Santiago] PHP Deprecated:  Function ereg_replace() is deprecated in /Library/Server/Web/Data/Sites/app/inc/functions.inc.php on line 196
[01-Nov-2014 13:05:18 America/Santiago] PHP Deprecated:  Function ereg_replace() is deprecated in /Library/Server/Web/Data/Sites/app/inc/functions.inc.php on line 196
[01-Nov-2014 13:05:18 America/Santiago] PHP Deprecated:  Function ereg_replace() is deprecated in /Library/Server/Web/Data/Sites/app/inc/functions.inc.php on line 196
[01-Nov-2014 13:05:18 America/Santiago] PHP Deprecated:  Function ereg_replace() is deprecated in /Library/Server/Web/Data/Sites/app/inc/functions.inc.php on line 196
[01-Nov-2014 13:05:18 America/Santiago] PHP Warning:  simplexml_load_string(): Entity: line 4: parser error : Premature end of data in tag meta line 4 in /Library/Server/Web/Data/Sites/app/inicio_noticias.php on line 27
[01-Nov-2014 13:05:18 America/Santiago] PHP Warning:  simplexml_load_string(): p-equiv="refresh" content="0;URL=http://www.kelluwen.cl/site-under-maintenance"> in /Library/Server/Web/Data/Sites/app/inicio_noticias.php on line 27
[01-Nov-2014 13:05:18 America/Santiago] PHP Warning:  simplexml_load_string():                                                                                ^ in /Library/Server/Web/Data/Sites/app/inicio_noticias.php on line 27
[01-Nov-2014 13:05:18 America/Santiago] PHP Warning:  simplexml_load_string(): Entity: line 4: parser error : Premature end of data in tag meta line 1 in /Library/Server/Web/Data/Sites/app/inicio_noticias.php on line 27
[01-Nov-2014 13:05:18 America/Santiago] PHP Warning:  simplexml_load_string(): p-equiv="refresh" content="0;URL=http://www.kelluwen.cl/site-under-maintenance"> in /Library/Server/Web/Data/Sites/app/inicio_noticias.php on line 27
[01-Nov-2014 13:05:18 America/Santiago] PHP Warning:  simplexml_load_string():                                                                                ^ in /Library/Server/Web/Data/Sites/app/inicio_noticias.php on line 27
[01-Nov-2014 13:05:18 America/Santiago] PHP Warning:  Invalid argument supplied for foreach() in /Library/Server/Web/Data/Sites/app/inicio_noticias.php on line 30
[01-Nov-2014 13:05:48 America/Santiago] PHP Deprecated:  Function ereg_replace() is deprecated in /Library/Server/Web/Data/Sites/app/inc/functions.inc.php on line 196
[01-Nov-2014 13:05:48 America/Santiago] PHP Deprecated:  Function ereg_replace() is deprecated in /Library/Server/Web/Data/Sites/app/inc/functions.inc.php on line 196
[01-Nov-2014 13:05:48 America/Santiago] PHP Deprecated:  Function ereg_replace() is deprecated in /Library/Server/Web/Data/Sites/app/inc/functions.inc.php on line 196
[01-Nov-2014 13:05:48 America/Santiago] PHP Deprecated:  Function ereg_replace() is deprecated in /Library/Server/Web/Data/Sites/app/inc/functions.inc.php on line 196
[01-Nov-2014 13:05:48 America/Santiago] PHP Deprecated:  Function ereg_replace() is deprecated in /Library/Server/Web/Data/Sites/app/inc/functions.inc.php on line 196
[01-Nov-2014 13:05:48 America/Santiago] PHP Deprecated:  Function ereg_replace() is deprecated in /Library/Server/Web/Data/Sites/app/inc/functions.inc.php on line 196
[01-Nov-2014 13:05:48 America/Santiago] PHP Warning:  simplexml_load_string(): Entity: line 4: parser error : Premature end of data in tag meta line 4 in /Library/Server/Web/Data/Sites/app/inicio_noticias.php on line 27
[01-Nov-2014 13:05:48 America/Santiago] PHP Warning:  simplexml_load_string(): p-equiv="refresh" content="0;URL=http://www.kelluwen.cl/site-under-maintenance"> in /Library/Server/Web/Data/Sites/app/inicio_noticias.php on line 27
[01-Nov-2014 13:05:48 America/Santiago] PHP Warning:  simplexml_load_string():                                                                                ^ in /Library/Server/Web/Data/Sites/app/inicio_noticias.php on line 27
[01-Nov-2014 13:05:48 America/Santiago] PHP Warning:  simplexml_load_string(): Entity: line 4: parser error : Premature end of data in tag meta line 1 in /Library/Server/Web/Data/Sites/app/inicio_noticias.php on line 27
[01-Nov-2014 13:05:48 America/Santiago] PHP Warning:  simplexml_load_string(): p-equiv="refresh" content="0;URL=http://www.kelluwen.cl/site-under-maintenance"> in /Library/Server/Web/Data/Sites/app/inicio_noticias.php on line 27
[01-Nov-2014 13:05:48 America/Santiago] PHP Warning:  simplexml_load_string():                                                                                ^ in /Library/Server/Web/Data/Sites/app/inicio_noticias.php on line 27
[01-Nov-2014 13:05:48 America/Santiago] PHP Warning:  Invalid argument supplied for foreach() in /Library/Server/Web/Data/Sites/app/inicio_noticias.php on line 30
[01-Nov-2014 13:08:27 America/Santiago] PHP Warning:  simplexml_load_string(): Entity: line 4: parser error : Premature end of data in tag meta line 4 in /Library/Server/Web/Data/Sites/app/inicio_noticias.php on line 27
[01-Nov-2014 13:08:27 America/Santiago] PHP Warning:  simplexml_load_string(): p-equiv="refresh" content="0;URL=http://www.kelluwen.cl/site-under-maintenance"> in /Library/Server/Web/Data/Sites/app/inicio_noticias.php on line 27
[01-Nov-2014 13:08:27 America/Santiago] PHP Warning:  simplexml_load_string():                                                                                ^ in /Library/Server/Web/Data/Sites/app/inicio_noticias.php on line 27
[01-Nov-2014 13:08:27 America/Santiago] PHP Warning:  simplexml_load_string(): Entity: line 4: parser error : Premature end of data in tag meta line 1 in /Library/Server/Web/Data/Sites/app/inicio_noticias.php on line 27
[01-Nov-2014 13:08:27 America/Santiago] PHP Warning:  simplexml_load_string(): p-equiv="refresh" content="0;URL=http://www.kelluwen.cl/site-under-maintenance"> in /Library/Server/Web/Data/Sites/app/inicio_noticias.php on line 27
[01-Nov-2014 13:08:27 America/Santiago] PHP Warning:  simplexml_load_string():                                                                                ^ in /Library/Server/Web/Data/Sites/app/inicio_noticias.php on line 27
[01-Nov-2014 13:08:27 America/Santiago] PHP Warning:  Invalid argument supplied for foreach() in /Library/Server/Web/Data/Sites/app/inicio_noticias.php on line 30
[01-Nov-2014 13:08:27 America/Santiago] PHP Deprecated:  Function ereg_replace() is deprecated in /Library/Server/Web/Data/Sites/app/inc/functions.inc.php on line 196
[01-Nov-2014 13:08:27 America/Santiago] PHP Deprecated:  Function ereg_replace() is deprecated in /Library/Server/Web/Data/Sites/app/inc/functions.inc.php on line 196
[01-Nov-2014 13:08:27 America/Santiago] PHP Deprecated:  Function ereg_replace() is deprecated in /Library/Server/Web/Data/Sites/app/inc/functions.inc.php on line 196
[01-Nov-2014 13:08:27 America/Santiago] PHP Deprecated:  Function ereg_replace() is deprecated in /Library/Server/Web/Data/Sites/app/inc/functions.inc.php on line 196
[01-Nov-2014 13:08:27 America/Santiago] PHP Deprecated:  Function ereg_replace() is deprecated in /Library/Server/Web/Data/Sites/app/inc/functions.inc.php on line 196
[01-Nov-2014 13:08:27 America/Santiago] PHP Deprecated:  Function ereg_replace() is deprecated in /Library/Server/Web/Data/Sites/app/inc/functions.inc.php on line 196
[01-Nov-2014 13:09:42 America/Santiago] PHP Deprecated:  Function ereg_replace() is deprecated in /Library/Server/Web/Data/Sites/app/inc/functions.inc.php on line 196
[01-Nov-2014 13:09:42 America/Santiago] PHP Deprecated:  Function ereg_replace() is deprecated in /Library/Server/Web/Data/Sites/app/inc/functions.inc.php on line 196
[01-Nov-2014 13:09:42 America/Santiago] PHP Deprecated:  Function ereg_replace() is deprecated in /Library/Server/Web/Data/Sites/app/inc/functions.inc.php on line 196
[01-Nov-2014 13:09:42 America/Santiago] PHP Deprecated:  Function ereg_replace() is deprecated in /Library/Server/Web/Data/Sites/app/inc/functions.inc.php on line 196
[01-Nov-2014 13:09:42 America/Santiago] PHP Deprecated:  Function ereg_replace() is deprecated in /Library/Server/Web/Data/Sites/app/inc/functions.inc.php on line 196
[01-Nov-2014 13:09:42 America/Santiago] PHP Deprecated:  Function ereg_replace() is deprecated in /Library/Server/Web/Data/Sites/app/inc/functions.inc.php on line 196
[01-Nov-2014 13:09:42 America/Santiago] PHP Warning:  simplexml_load_string(): Entity: line 4: parser error : Premature end of data in tag meta line 4 in /Library/Server/Web/Data/Sites/app/inicio_noticias.php on line 27
[01-Nov-2014 13:09:42 America/Santiago] PHP Warning:  simplexml_load_string(): p-equiv="refresh" content="0;URL=http://www.kelluwen.cl/site-under-maintenance"> in /Library/Server/Web/Data/Sites/app/inicio_noticias.php on line 27
[01-Nov-2014 13:09:42 America/Santiago] PHP Warning:  simplexml_load_string():                                                                                ^ in /Library/Server/Web/Data/Sites/app/inicio_noticias.php on line 27
[01-Nov-2014 13:09:42 America/Santiago] PHP Warning:  simplexml_load_string(): Entity: line 4: parser error : Premature end of data in tag meta line 1 in /Library/Server/Web/Data/Sites/app/inicio_noticias.php on line 27
[01-Nov-2014 13:09:42 America/Santiago] PHP Warning:  simplexml_load_string(): p-equiv="refresh" content="0;URL=http://www.kelluwen.cl/site-under-maintenance"> in /Library/Server/Web/Data/Sites/app/inicio_noticias.php on line 27
[01-Nov-2014 13:09:42 America/Santiago] PHP Warning:  simplexml_load_string():                                                                                ^ in /Library/Server/Web/Data/Sites/app/inicio_noticias.php on line 27
[01-Nov-2014 13:09:42 America/Santiago] PHP Warning:  Invalid argument supplied for foreach() in /Library/Server/Web/Data/Sites/app/inicio_noticias.php on line 30
[01-Nov-2014 13:11:23 America/Santiago] PHP Deprecated:  Function ereg_replace() is deprecated in /Library/Server/Web/Data/Sites/app/inc/functions.inc.php on line 196
[01-Nov-2014 13:11:23 America/Santiago] PHP Deprecated:  Function ereg_replace() is deprecated in /Library/Server/Web/Data/Sites/app/inc/functions.inc.php on line 196
[01-Nov-2014 13:11:23 America/Santiago] PHP Deprecated:  Function ereg_replace() is deprecated in /Library/Server/Web/Data/Sites/app/inc/functions.inc.php on line 196
[01-Nov-2014 13:11:23 America/Santiago] PHP Deprecated:  Function ereg_replace() is deprecated in /Library/Server/Web/Data/Sites/app/inc/functions.inc.php on line 196
[01-Nov-2014 13:11:23 America/Santiago] PHP Deprecated:  Function ereg_replace() is deprecated in /Library/Server/Web/Data/Sites/app/inc/functions.inc.php on line 196
[01-Nov-2014 13:11:23 America/Santiago] PHP Deprecated:  Function ereg_replace() is deprecated in /Library/Server/Web/Data/Sites/app/inc/functions.inc.php on line 196
[01-Nov-2014 13:11:23 America/Santiago] PHP Warning:  simplexml_load_string(): Entity: line 4: parser error : Premature end of data in tag meta line 4 in /Library/Server/Web/Data/Sites/app/inicio_noticias.php on line 27
[01-Nov-2014 13:11:23 America/Santiago] PHP Warning:  simplexml_load_string(): p-equiv="refresh" content="0;URL=http://www.kelluwen.cl/site-under-maintenance"> in /Library/Server/Web/Data/Sites/app/inicio_noticias.php on line 27
[01-Nov-2014 13:11:23 America/Santiago] PHP Warning:  simplexml_load_string():                                                                                ^ in /Library/Server/Web/Data/Sites/app/inicio_noticias.php on line 27
[01-Nov-2014 13:11:23 America/Santiago] PHP Warning:  simplexml_load_string(): Entity: line 4: parser error : Premature end of data in tag meta line 1 in /Library/Server/Web/Data/Sites/app/inicio_noticias.php on line 27
[01-Nov-2014 13:11:23 America/Santiago] PHP Warning:  simplexml_load_string(): p-equiv="refresh" content="0;URL=http://www.kelluwen.cl/site-under-maintenance"> in /Library/Server/Web/Data/Sites/app/inicio_noticias.php on line 27
[01-Nov-2014 13:11:23 America/Santiago] PHP Warning:  simplexml_load_string():                                                                                ^ in /Library/Server/Web/Data/Sites/app/inicio_noticias.php on line 27
[01-Nov-2014 13:11:23 America/Santiago] PHP Warning:  Invalid argument supplied for foreach() in /Library/Server/Web/Data/Sites/app/inicio_noticias.php on line 30
